<?xml version="1.0" encoding="UTF-8"?>
<testng-results ignored="0" total="1" passed="1" failed="0" skipped="0">
  <reporter-output>
  </reporter-output>
  <suite started-at="2024-11-15T15:17:24 EST" name="Default suite" finished-at="2024-11-15T15:17:25 EST" duration-ms="30">
    <groups>
    </groups>
    <test started-at="2024-11-15T15:17:24 EST" name="Default test" finished-at="2024-11-15T15:17:25 EST" duration-ms="30">
      <class name="gitcommittesting.TestGitCommit">
        <test-method signature="Test()[pri:0, instance:gitcommittesting.TestGitCommit@702b8b12]" started-at="2024-11-15T15:17:25 EST" name="Test" finished-at="2024-11-15T15:17:25 EST" duration-ms="9" status="PASS">
          <reporter-output>
          </reporter-output>
        </test-method> <!-- Test -->
      </class> <!-- gitcommittesting.TestGitCommit -->
    </test> <!-- Default test -->
  </suite> <!-- Default suite -->
</testng-results>
